<?xml version="1.0" encoding="UTF-8"?>
<testsuite name="com.example.domain.service.ShopItemsServiceSpec" tests="1" skipped="0" failures="0" errors="0" timestamp="2017-05-14T10:38:45" hostname="mmakmo-MBP.local" time="0.282">
  <properties/>
  <testcase name="category service test" classname="com.example.domain.service.ShopItemsServiceSpec" time="0.282"/>
  <system-out><![CDATA[2017-05-14 19:38:45.410  INFO 48161 --- [    Test worker] c.a.s.report.internal.ConfigLoader       : SpockReports config loaded: {com.athaydes.spockframework.report.template.TemplateReportCreator.enabled=true, com.athaydes.spockframework.report.internal.HtmlReportCreator.printThrowableStackTrace=false, com.athaydes.spockframework.report.internal.HtmlReportCreator.excludeToc=false, com.athaydes.spockframework.report.template.TemplateReportCreator.reportFileExtension=md, com.athaydes.spockframework.report.template.TemplateReportCreator.specTemplateFile=/templateReportCreator/spec-template.md, com.athaydes.spockframework.report.IReportCreator=com.athaydes.spockframework.report.internal.HtmlReportCreator, com.athaydes.spockframework.report.template.TemplateReportCreator.summaryTemplateFile=/templateReportCreator/summary-template.md, com.athaydes.spockframework.report.internal.HtmlReportCreator.summaryReportCss=spock-summary-report.css, com.athaydes.spockframework.report.projectVersion=Unknown, com.athaydes.spockframework.report.projectName=, com.athaydes.spockframework.report.template.TemplateReportCreator.summaryFileName=summary.md, com.athaydes.spockframework.report.showCodeBlocks=false, com.athaydes.spockframework.report.internal.HtmlReportCreator.enabled=true, com.athaydes.spockframework.report.internal.HtmlReportCreator.featureReportCss=spock-feature-report.css, com.athaydes.spockframework.report.hideEmptyBlocks=false, com.athaydes.spockframework.report.outputDir=build/spock-reports, com.athaydes.spockframework.report.internal.HtmlReportCreator.inlineCss=true}
2017-05-14 19:38:45.494  INFO 48161 --- [    Test worker] .b.t.c.SpringBootTestContextBootstrapper : Neither @ContextConfiguration nor @ContextHierarchy found for test class [com.example.domain.service.ShopItemsServiceSpec], using SpringBootContextLoader
2017-05-14 19:38:45.494  INFO 48161 --- [    Test worker] o.s.t.c.support.AbstractContextLoader    : Could not detect default resource locations for test class [com.example.domain.service.ShopItemsServiceSpec]: no resource found for suffixes {-context.xml, Context.groovy}.
2017-05-14 19:38:45.495  INFO 48161 --- [    Test worker] t.c.s.AnnotationConfigContextLoaderUtils : Could not detect default configuration classes for test class [com.example.domain.service.ShopItemsServiceSpec]: ShopItemsServiceSpec does not declare any static, non-private, non-final, nested classes annotated with @Configuration.
2017-05-14 19:38:45.507  INFO 48161 --- [    Test worker] .b.t.c.SpringBootTestContextBootstrapper : Found @SpringBootConfiguration com.example.DemoApplication for test class com.example.domain.service.ShopItemsServiceSpec
2017-05-14 19:38:45.510  INFO 48161 --- [    Test worker] .b.t.c.SpringBootTestContextBootstrapper : Loaded default TestExecutionListener class names from location [META-INF/spring.factories]: [org.springframework.boot.test.mock.mockito.MockitoTestExecutionListener, org.springframework.boot.test.mock.mockito.ResetMocksTestExecutionListener, org.springframework.boot.test.autoconfigure.restdocs.RestDocsTestExecutionListener, org.springframework.boot.test.autoconfigure.web.client.MockRestServiceServerResetTestExecutionListener, org.springframework.boot.test.autoconfigure.web.servlet.MockMvcPrintOnlyOnFailureTestExecutionListener, org.springframework.boot.test.autoconfigure.web.servlet.WebDriverTestExecutionListener, org.springframework.test.context.web.ServletTestExecutionListener, org.springframework.test.context.support.DirtiesContextBeforeModesTestExecutionListener, org.springframework.test.context.support.DependencyInjectionTestExecutionListener, org.springframework.test.context.support.DirtiesContextTestExecutionListener, org.springframework.test.context.transaction.TransactionalTestExecutionListener, org.springframework.test.context.jdbc.SqlScriptsTestExecutionListener]
2017-05-14 19:38:45.513  INFO 48161 --- [    Test worker] .b.t.c.SpringBootTestContextBootstrapper : Using TestExecutionListeners: [org.springframework.test.context.web.ServletTestExecutionListener@79f8dd50, org.springframework.test.context.support.DirtiesContextBeforeModesTestExecutionListener@7812b82d, org.springframework.boot.test.autoconfigure.SpringBootDependencyInjectionTestExecutionListener@2ef52472, org.springframework.test.context.support.DirtiesContextTestExecutionListener@677410a6, org.springframework.test.context.transaction.TransactionalTestExecutionListener@58d94345, org.springframework.test.context.jdbc.SqlScriptsTestExecutionListener@35674ba3, org.springframework.boot.test.autoconfigure.web.servlet.MockMvcPrintOnlyOnFailureTestExecutionListener@32362fc9, org.springframework.boot.test.mock.mockito.ResetMocksTestExecutionListener@7580e809, org.springframework.boot.test.autoconfigure.restdocs.RestDocsTestExecutionListener@67d15e97, org.springframework.boot.test.autoconfigure.web.client.MockRestServiceServerResetTestExecutionListener@68e43b9d, org.springframework.boot.test.autoconfigure.web.servlet.WebDriverTestExecutionListener@6baf192f, org.springframework.boot.test.mock.mockito.MockitoTestExecutionListener@199d74f3]
2017-05-14 19:38:45.655  WARN 48161 --- [    Test worker] o.dbunit.dataset.AbstractTableMetaData   : Potential problem found: The configured data type factory 'class org.dbunit.dataset.datatype.DefaultDataTypeFactory' might cause problems with the current database 'H2' (e.g. some datatypes may not be supported properly). In rare cases you might see this message because the list of supported database products is incomplete (list=[derby]). If so please request a java-class update via the forums.If you are using your own IDataTypeFactory extending DefaultDataTypeFactory, ensure that you override getValidDbProducts() to specify the supported database products.
2017-05-14 19:38:45.666  WARN 48161 --- [    Test worker] o.dbunit.dataset.AbstractTableMetaData   : Potential problem found: The configured data type factory 'class org.dbunit.dataset.datatype.DefaultDataTypeFactory' might cause problems with the current database 'H2' (e.g. some datatypes may not be supported properly). In rare cases you might see this message because the list of supported database products is incomplete (list=[derby]). If so please request a java-class update via the forums.If you are using your own IDataTypeFactory extending DefaultDataTypeFactory, ensure that you override getValidDbProducts() to specify the supported database products.
2017-05-14 19:38:45.705  INFO 48161 --- [    Test worker] o.s.doma.jdbc.UtilLoggingJdbcLogger      : [DOMA2220] ENTER  : クラス=[com.example.domain.repository.ShopItemsRepositoryImpl], メソッド=[getShopItems]
2017-05-14 19:38:45.791  INFO 48161 --- [    Test worker] o.s.doma.jdbc.UtilLoggingJdbcLogger      : [DOMA2076] SQLログ : SQLファイル=[META-INF/com/example/domain/repository/ShopItemsRepository/getShopItems.sql],
-- getShopItems.sql

select
    item.shop_id as shopId,
    shop.shop_name as shopName,
    item.item_id as itemId,
    item.item_name as itemName
from
    shops shop
inner join
    items item
    on shop.shop_id = item.shop_id
where
    shop.shop_id = 1
2017-05-14 19:38:45.805  INFO 48161 --- [    Test worker] o.s.doma.jdbc.UtilLoggingJdbcLogger      : [DOMA2221] EXIT   : クラス=[com.example.domain.repository.ShopItemsRepositoryImpl], メソッド=[getShopItems]
Shop ID: 1
Shop Name: 'shop 1'
Item ID: 1
Item Name: 'shop1 item1'
Shop ID: 1
Shop Name: 'shop 1'
Item ID: 2
Item Name: 'shop1 item2'
Shop ID: 1
Shop Name: 'shop 1'
Item ID: 3
Item Name: 'shop1 item3'
]]></system-out>
  <system-err><![CDATA[]]></system-err>
</testsuite>
